{"F:\\url-checker\\src\\controllers\\urlController.ts": {"path":"F:\\url-checker\\src\\controllers\\urlController.ts","statementMap":{"0":{"start":{"line":5,"column":22},"end":{"line":5,"column":58}},"1":{"start":{"line":8,"column":4},"end":{"line":13,"column":5}},"2":{"start":{"line":9,"column":19},"end":{"line":9,"column":66}},"3":{"start":{"line":10,"column":6},"end":{"line":10,"column":21}},"4":{"start":{"line":12,"column":6},"end":{"line":12,"column":63}},"5":{"start":{"line":17,"column":21},"end":{"line":17,"column":54}},"6":{"start":{"line":18,"column":4},"end":{"line":21,"column":5}},"7":{"start":{"line":19,"column":6},"end":{"line":19,"column":58}},"8":{"start":{"line":20,"column":6},"end":{"line":20,"column":13}},"9":{"start":{"line":22,"column":4},"end":{"line":27,"column":5}},"10":{"start":{"line":23,"column":19},"end":{"line":23,"column":75}},"11":{"start":{"line":24,"column":6},"end":{"line":24,"column":21}},"12":{"start":{"line":26,"column":6},"end":{"line":26,"column":63}},"13":{"start":{"line":4,"column":0},"end":{"line":4,"column":13}}},"fnMap":{"0":{"name":"(anonymous_0)","decl":{"start":{"line":5,"column":2},"end":{"line":5,"column":22}},"loc":{"start":{"line":5,"column":58},"end":{"line":5,"column":62}}},"1":{"name":"(anonymous_1)","decl":{"start":{"line":7,"column":9},"end":{"line":7,"column":14}},"loc":{"start":{"line":7,"column":59},"end":{"line":14,"column":3}}},"2":{"name":"(anonymous_2)","decl":{"start":{"line":16,"column":9},"end":{"line":16,"column":14}},"loc":{"start":{"line":16,"column":60},"end":{"line":28,"column":3}}}},"branchMap":{"0":{"loc":{"start":{"line":18,"column":4},"end":{"line":21,"column":5}},"type":"if","locations":[{"start":{"line":18,"column":4},"end":{"line":21,"column":5}}]}},"s":{"0":0,"1":0,"2":0,"3":0,"4":0,"5":0,"6":0,"7":0,"8":0,"9":0,"10":0,"11":0,"12":0,"13":0},"f":{"0":0,"1":0,"2":0},"b":{"0":[0]}}
,"F:\\url-checker\\src\\routers\\urlRoutes.ts": {"path":"F:\\url-checker\\src\\routers\\urlRoutes.ts","statementMap":{"0":{"start":{"line":1,"column":0},"end":{"line":1,"column":33}},"1":{"start":{"line":2,"column":0},"end":{"line":2,"column":66}},"2":{"start":{"line":3,"column":0},"end":{"line":3,"column":61}},"3":{"start":{"line":5,"column":15},"end":{"line":5,"column":23}},"4":{"start":{"line":7,"column":13},"end":{"line":14,"column":2}},"5":{"start":{"line":16,"column":26},"end":{"line":16,"column":53}},"6":{"start":{"line":17,"column":22},"end":{"line":17,"column":58}},"7":{"start":{"line":19,"column":0},"end":{"line":19,"column":77}},"8":{"start":{"line":20,"column":0},"end":{"line":20,"column":88}},"9":{"start":{"line":22,"column":0},"end":{"line":22,"column":22}}},"fnMap":{},"branchMap":{},"s":{"0":0,"1":0,"2":0,"3":0,"4":0,"5":0,"6":0,"7":0,"8":0,"9":0},"f":{},"b":{}}
,"F:\\url-checker\\src\\services\\urlCheckerService.ts": {"path":"F:\\url-checker\\src\\services\\urlCheckerService.ts","statementMap":{"0":{"start":{"line":1,"column":0},"end":{"line":1,"column":26}},"1":{"start":{"line":2,"column":0},"end":{"line":2,"column":53}},"2":{"start":{"line":10,"column":22},"end":{"line":10,"column":37}},"3":{"start":{"line":13,"column":4},"end":{"line":15,"column":5}},"4":{"start":{"line":14,"column":6},"end":{"line":14,"column":19}},"5":{"start":{"line":16,"column":4},"end":{"line":21,"column":5}},"6":{"start":{"line":17,"column":23},"end":{"line":17,"column":62}},"7":{"start":{"line":18,"column":6},"end":{"line":18,"column":61}},"8":{"start":{"line":20,"column":6},"end":{"line":20,"column":19}},"9":{"start":{"line":25,"column":26},"end":{"line":28,"column":6}},"10":{"start":{"line":26,"column":26},"end":{"line":26,"column":58}},"11":{"start":{"line":27,"column":6},"end":{"line":27,"column":52}},"12":{"start":{"line":30,"column":20},"end":{"line":30,"column":52}},"13":{"start":{"line":31,"column":4},"end":{"line":33,"column":47}},"14":{"start":{"line":32,"column":22},"end":{"line":32,"column":36}},"15":{"start":{"line":33,"column":22},"end":{"line":33,"column":45}},"16":{"start":{"line":37,"column":25},"end":{"line":37,"column":83}},"17":{"start":{"line":37,"column":53},"end":{"line":37,"column":82}},"18":{"start":{"line":38,"column":26},"end":{"line":41,"column":6}},"19":{"start":{"line":39,"column":26},"end":{"line":39,"column":58}},"20":{"start":{"line":40,"column":6},"end":{"line":40,"column":52}},"21":{"start":{"line":43,"column":20},"end":{"line":43,"column":52}},"22":{"start":{"line":44,"column":4},"end":{"line":44,"column":50}},"23":{"start":{"line":44,"column":34},"end":{"line":44,"column":48}},"24":{"start":{"line":9,"column":0},"end":{"line":9,"column":13}}},"fnMap":{"0":{"name":"(anonymous_1)","decl":{"start":{"line":10,"column":2},"end":{"line":10,"column":22}},"loc":{"start":{"line":10,"column":37},"end":{"line":10,"column":41}}},"1":{"name":"(anonymous_2)","decl":{"start":{"line":12,"column":10},"end":{"line":12,"column":15}},"loc":{"start":{"line":12,"column":36},"end":{"line":22,"column":3}}},"2":{"name":"(anonymous_3)","decl":{"start":{"line":24,"column":9},"end":{"line":24,"column":14}},"loc":{"start":{"line":24,"column":31},"end":{"line":34,"column":3}}},"3":{"name":"(anonymous_4)","decl":{"start":{"line":25,"column":40},"end":{"line":25,"column":45}},"loc":{"start":{"line":25,"column":58},"end":{"line":28,"column":5}}},"4":{"name":"(anonymous_5)","decl":{"start":{"line":32,"column":14},"end":{"line":32,"column":18}},"loc":{"start":{"line":32,"column":22},"end":{"line":32,"column":36}}},"5":{"name":"(anonymous_6)","decl":{"start":{"line":33,"column":12},"end":{"line":33,"column":13}},"loc":{"start":{"line":33,"column":22},"end":{"line":33,"column":45}}},"6":{"name":"(anonymous_7)","decl":{"start":{"line":36,"column":9},"end":{"line":36,"column":14}},"loc":{"start":{"line":36,"column":49},"end":{"line":45,"column":3}}},"7":{"name":"(anonymous_8)","decl":{"start":{"line":37,"column":42},"end":{"line":37,"column":49}},"loc":{"start":{"line":37,"column":53},"end":{"line":37,"column":82}}},"8":{"name":"(anonymous_9)","decl":{"start":{"line":38,"column":43},"end":{"line":38,"column":48}},"loc":{"start":{"line":38,"column":61},"end":{"line":41,"column":5}}},"9":{"name":"(anonymous_10)","decl":{"start":{"line":44,"column":26},"end":{"line":44,"column":30}},"loc":{"start":{"line":44,"column":34},"end":{"line":44,"column":48}}}},"branchMap":{"0":{"loc":{"start":{"line":13,"column":4},"end":{"line":15,"column":5}},"type":"if","locations":[{"start":{"line":13,"column":4},"end":{"line":15,"column":5}}]},"1":{"loc":{"start":{"line":18,"column":13},"end":{"line":18,"column":60}},"type":"binary-expr","locations":[{"start":{"line":18,"column":13},"end":{"line":18,"column":35}},{"start":{"line":18,"column":39},"end":{"line":18,"column":60}}]}},"s":{"0":1,"1":1,"2":2,"3":4,"4":0,"5":4,"6":4,"7":3,"8":1,"9":1,"10":2,"11":2,"12":1,"13":1,"14":2,"15":0,"16":1,"17":2,"18":1,"19":2,"20":2,"21":1,"22":1,"23":2,"24":1},"f":{"0":2,"1":4,"2":1,"3":2,"4":2,"5":0,"6":1,"7":2,"8":2,"9":2},"b":{"0":[0],"1":[3,3]}}
,"F:\\url-checker\\src\\utils\\urlValidator.ts": {"path":"F:\\url-checker\\src\\utils\\urlValidator.ts","statementMap":{"0":{"start":{"line":12,"column":6},"end":{"line":12,"column":39}},"1":{"start":{"line":1,"column":0},"end":{"line":1,"column":13}},"2":{"start":{"line":2,"column":19},"end":{"line":9,"column":6}}},"fnMap":{"0":{"name":"(anonymous_0)","decl":{"start":{"line":11,"column":11},"end":{"line":11,"column":17}},"loc":{"start":{"line":11,"column":40},"end":{"line":13,"column":5}}}},"branchMap":{},"s":{"0":8,"1":2,"2":2},"f":{"0":8},"b":{}}
}
