TN:
SF:src\controllers\urlController.ts
FN:5,(anonymous_0)
FN:7,(anonymous_1)
FN:16,(anonymous_2)
FNF:3
FNH:0
FNDA:0,(anonymous_0)
FNDA:0,(anonymous_1)
FNDA:0,(anonymous_2)
DA:4,0
DA:5,0
DA:8,0
DA:9,0
DA:10,0
DA:12,0
DA:17,0
DA:18,0
DA:19,0
DA:20,0
DA:22,0
DA:23,0
DA:24,0
DA:26,0
LF:14
LH:0
BRDA:18,0,0,0
BRF:1
BRH:0
end_of_record
TN:
SF:src\routers\urlRoutes.ts
FNF:0
FNH:0
DA:1,0
DA:2,0
DA:3,0
DA:5,0
DA:7,0
DA:16,0
DA:17,0
DA:19,0
DA:20,0
DA:22,0
LF:10
LH:0
BRF:0
BRH:0
end_of_record
TN:
SF:src\services\urlCheckerService.ts
FN:10,(anonymous_1)
FN:12,(anonymous_2)
FN:24,(anonymous_3)
FN:25,(anonymous_4)
FN:32,(anonymous_5)
FN:33,(anonymous_6)
FN:36,(anonymous_7)
FN:37,(anonymous_8)
FN:38,(anonymous_9)
FN:44,(anonymous_10)
FNF:10
FNH:9
FNDA:2,(anonymous_1)
FNDA:4,(anonymous_2)
FNDA:1,(anonymous_3)
FNDA:2,(anonymous_4)
FNDA:2,(anonymous_5)
FNDA:0,(anonymous_6)
FNDA:1,(anonymous_7)
FNDA:2,(anonymous_8)
FNDA:2,(anonymous_9)
FNDA:2,(anonymous_10)
DA:1,1
DA:2,1
DA:9,1
DA:10,2
DA:13,4
DA:14,0
DA:16,4
DA:17,4
DA:18,3
DA:20,1
DA:25,1
DA:26,2
DA:27,2
DA:30,1
DA:31,1
DA:32,2
DA:33,0
DA:37,2
DA:38,1
DA:39,2
DA:40,2
DA:43,1
DA:44,2
LF:23
LH:21
BRDA:13,0,0,0
BRDA:18,1,0,3
BRDA:18,1,1,3
BRF:3
BRH:2
end_of_record
TN:
SF:src\utils\urlValidator.ts
FN:11,(anonymous_0)
FNF:1
FNH:1
FNDA:8,(anonymous_0)
DA:1,2
DA:2,2
DA:12,8
LF:3
LH:3
BRF:0
BRH:0
end_of_record
